Archivo: prueba.cpp
06/10/2022 09:57:44 a. m.
altura 2 
= = altura = 7
i 0 
= = 0 = 0
j altura i - j 2 j altura i - j 2 i 0 
= = 0 = 0
j altura i - j 2 j altura i - j 2 j altura i - j 2 i 0 
= = 0 = 0
j altura i - j 2 j altura i - j 2 j altura i - j 2 j altura i - j 2 i 0 
= = 0 = 0
j altura i - j 2 j altura i - j 2 j altura i - j 2 j altura i - j 2 j altura i - j 2 i 0 
= = 0 = 0
j altura i - j 2 j altura i - j 2 j altura i - j 2 j altura i - j 2 j altura i - j 2 j altura i - j 2 i 0 
= = 0 = 0
j altura i - j 2 j altura i - j 2 j altura i - j 2 j altura i - j 2 j altura i - j 2 j altura i - j 2 j altura i - j 2 i 0 
= = 0 = 0
j altura i - j 2 j altura i - j 2 j altura i - j 2 j altura i - j 2 j altura i - j 2 j altura i - j 2 j altura i - j 2 j altura i - j 2 i 0 
= = 0 = 0
j altura i - j 2 1 1 2 2 
= = 256 = 256
a 
= = a = 0
y 
= = a = 256
Error de semantica: no podemos asignar un valor de tipo <Int> a una variable de tipo <Char> en la linea: 45
